<?xml version="1.0" encoding="UTF-8"?>
<testng-results skipped="0" failed="0" ignored="0" total="1" passed="1">
  <reporter-output>
  </reporter-output>
  <suite name="Default suite" duration-ms="56204" started-at="2020-07-19T14:21:53Z" finished-at="2020-07-19T14:22:49Z">
    <groups>
    </groups>
    <test name="Default test" duration-ms="56204" started-at="2020-07-19T14:21:53Z" finished-at="2020-07-19T14:22:49Z">
      <class name="com.salesforce.SaleseForce">
        <test-method status="PASS" signature="saleseForce()[pri:0, instance:com.salesforce.SaleseForce@548a102f]" name="saleseForce" duration-ms="56168" started-at="2020-07-19T14:21:53Z" finished-at="2020-07-19T14:22:49Z">
          <reporter-output>
          </reporter-output>
        </test-method> <!-- saleseForce -->
      </class> <!-- com.salesforce.SaleseForce -->
    </test> <!-- Default test -->
  </suite> <!-- Default suite -->
</testng-results>
